============================= test session starts ==============================
platform linux -- Python 3.8.13, pytest-7.1.3, pluggy-1.5.0
rootdir: /home/kp/Development/phase5/matatu_connect_backend/capstone_project
plugins: Faker-19.6.2
collected 2 items

tests/test_driver_approval.py FF                                         [100%]

=================================== FAILURES ===================================
_____________________ test_driver_signup_verification_flow _____________________

self = <app.resources.user.DriverActionResource object at 0x70b600d91b80>
user_id = 1, action = 'approve'

    @sacco_manager_required
    def post(self, user_id, action):
        user = db.session.get(User, user_id)
        if not user:
             return make_response(message="Not Found", error="Driver not found", status=404)
    
        if user.role != User.ROLE_DRIVER:
             return make_response(message="Invalid Role", error="User is not a driver", status=400)
    
        if action == "approve":
            user.verification_status = "approved"
        elif action == "reject":
            user.verification_status = "rejected"
        else:
            return make_response(message="Invalid Action", error="Action must be approve or reject", status=400)
    
        try:
            db.session.commit()
>           return make_response(message=f"Driver {action}d successfully", data=user.to_dict(), status=200)
E           TypeError: make_response() got an unexpected keyword argument 'status'

app/resources/user.py:132: TypeError

During handling of the above exception, another exception occurred:

client = <FlaskClient <Flask 'app'>>

    def test_driver_signup_verification_flow(client):
        # 1. Register Driver
        driver_data = {
            "email": "driver@test.com",
            "password": "pass",
            "name": "Driver Test",
            "role": "driver",
            "licence": "DL-123"
        }
        res = client.post("/api/auth/register", json=driver_data)
        assert res.status_code == 201
        driver_id = res.json["user"]["id"]
    
        # Verify DB state
        driver_user = User.query.get(driver_id)
        assert driver_user.verification_status == "pending"
        assert driver_user.license_number == "DL-123"
    
        # 2. Register Manager
        manager_data = {
            "email": "manager@test.com",
            "password": "pass",
            "name": "Manager Test",
            "role": "sacco_manager"
        }
        client.post("/api/auth/register", json=manager_data)
    
        # 3. Login Manager
        res = client.post("/api/auth/login", json={"email": "manager@test.com", "password": "pass"})
        token = res.json["access_token"]
        headers = {"Authorization": f"Bearer {token}"}
    
        # 4. Approve Driver
>       res = client.post(f"/api/users/manager/drivers/{driver_id}/approve", headers=headers)

tests/test_driver_approval.py:37: 
_ _ _ _ _ _ _ _ _ _ _ _ _ _ _ _ _ _ _ _ _ _ _ _ _ _ _ _ _ _ _ _ _ _ _ _ _ _ _ _ 
/home/kp/.pyenv/versions/3.8.13/lib/python3.8/site-packages/werkzeug/test.py:1167: in post
    return self.open(*args, **kw)
/home/kp/.pyenv/versions/3.8.13/lib/python3.8/site-packages/flask/testing.py:235: in open
    response = super().open(
/home/kp/.pyenv/versions/3.8.13/lib/python3.8/site-packages/werkzeug/test.py:1116: in open
    response_parts = self.run_wsgi_app(request.environ, buffered=buffered)
/home/kp/.pyenv/versions/3.8.13/lib/python3.8/site-packages/werkzeug/test.py:988: in run_wsgi_app
    rv = run_wsgi_app(self.application, environ, buffered=buffered)
/home/kp/.pyenv/versions/3.8.13/lib/python3.8/site-packages/werkzeug/test.py:1264: in run_wsgi_app
    app_rv = app(environ, start_response)
/home/kp/.pyenv/versions/3.8.13/lib/python3.8/site-packages/flask/app.py:1498: in __call__
    return self.wsgi_app(environ, start_response)
/home/kp/.pyenv/versions/3.8.13/lib/python3.8/site-packages/flask_socketio/__init__.py:43: in __call__
    return super(_SocketIOMiddleware, self).__call__(environ,
/home/kp/.pyenv/versions/3.8.13/lib/python3.8/site-packages/engineio/middleware.py:74: in __call__
    return self.wsgi_app(environ, start_response)
/home/kp/.pyenv/versions/3.8.13/lib/python3.8/site-packages/flask/app.py:1476: in wsgi_app
    response = self.handle_exception(e)
/home/kp/.pyenv/versions/3.8.13/lib/python3.8/site-packages/flask_restful/__init__.py:298: in error_router
    return original_handler(e)
/home/kp/.pyenv/versions/3.8.13/lib/python3.8/site-packages/flask_restful/__init__.py:298: in error_router
    return original_handler(e)
/home/kp/.pyenv/versions/3.8.13/lib/python3.8/site-packages/flask_restful/__init__.py:298: in error_router
    return original_handler(e)
/home/kp/.pyenv/versions/3.8.13/lib/python3.8/site-packages/flask_restful/__init__.py:298: in error_router
    return original_handler(e)
/home/kp/.pyenv/versions/3.8.13/lib/python3.8/site-packages/flask_restful/__init__.py:298: in error_router
    return original_handler(e)
/home/kp/.pyenv/versions/3.8.13/lib/python3.8/site-packages/flask_restful/__init__.py:298: in error_router
    return original_handler(e)
/home/kp/.pyenv/versions/3.8.13/lib/python3.8/site-packages/flask_restful/__init__.py:298: in error_router
    return original_handler(e)
/home/kp/.pyenv/versions/3.8.13/lib/python3.8/site-packages/flask_cors/extension.py:176: in wrapped_function
    return cors_after_request(app.make_response(f(*args, **kwargs)))
/home/kp/.pyenv/versions/3.8.13/lib/python3.8/site-packages/flask/app.py:1473: in wsgi_app
    response = self.full_dispatch_request()
/home/kp/.pyenv/versions/3.8.13/lib/python3.8/site-packages/flask/app.py:882: in full_dispatch_request
    rv = self.handle_user_exception(e)
/home/kp/.pyenv/versions/3.8.13/lib/python3.8/site-packages/flask_restful/__init__.py:298: in error_router
    return original_handler(e)
/home/kp/.pyenv/versions/3.8.13/lib/python3.8/site-packages/flask_restful/__init__.py:298: in error_router
    return original_handler(e)
/home/kp/.pyenv/versions/3.8.13/lib/python3.8/site-packages/flask_restful/__init__.py:298: in error_router
    return original_handler(e)
/home/kp/.pyenv/versions/3.8.13/lib/python3.8/site-packages/flask_restful/__init__.py:298: in error_router
    return original_handler(e)
/home/kp/.pyenv/versions/3.8.13/lib/python3.8/site-packages/flask_restful/__init__.py:298: in error_router
    return original_handler(e)
/home/kp/.pyenv/versions/3.8.13/lib/python3.8/site-packages/flask_restful/__init__.py:298: in error_router
    return original_handler(e)
/home/kp/.pyenv/versions/3.8.13/lib/python3.8/site-packages/flask_restful/__init__.py:298: in error_router
    return original_handler(e)
/home/kp/.pyenv/versions/3.8.13/lib/python3.8/site-packages/flask_cors/extension.py:176: in wrapped_function
    return cors_after_request(app.make_response(f(*args, **kwargs)))
/home/kp/.pyenv/versions/3.8.13/lib/python3.8/site-packages/flask/app.py:880: in full_dispatch_request
    rv = self.dispatch_request()
/home/kp/.pyenv/versions/3.8.13/lib/python3.8/site-packages/flask/app.py:865: in dispatch_request
    return self.ensure_sync(self.view_functions[rule.endpoint])(**view_args)  # type: ignore[no-any-return]
/home/kp/.pyenv/versions/3.8.13/lib/python3.8/site-packages/flask_restful/__init__.py:489: in wrapper
    resp = resource(*args, **kwargs)
/home/kp/.pyenv/versions/3.8.13/lib/python3.8/site-packages/flask/views.py:110: in view
    return current_app.ensure_sync(self.dispatch_request)(**kwargs)  # type: ignore[no-any-return]
/home/kp/.pyenv/versions/3.8.13/lib/python3.8/site-packages/flask_restful/__init__.py:604: in dispatch_request
    resp = meth(*args, **kwargs)
app/services/auth_service.py:35: in decorator
    return fn(*args, **kwargs)
_ _ _ _ _ _ _ _ _ _ _ _ _ _ _ _ _ _ _ _ _ _ _ _ _ _ _ _ _ _ _ _ _ _ _ _ _ _ _ _ 

self = <app.resources.user.DriverActionResource object at 0x70b600d91b80>
user_id = 1, action = 'approve'

    @sacco_manager_required
    def post(self, user_id, action):
        user = db.session.get(User, user_id)
        if not user:
             return make_response(message="Not Found", error="Driver not found", status=404)
    
        if user.role != User.ROLE_DRIVER:
             return make_response(message="Invalid Role", error="User is not a driver", status=400)
    
        if action == "approve":
            user.verification_status = "approved"
        elif action == "reject":
            user.verification_status = "rejected"
        else:
            return make_response(message="Invalid Action", error="Action must be approve or reject", status=400)
    
        try:
            db.session.commit()
            return make_response(message=f"Driver {action}d successfully", data=user.to_dict(), status=200)
        except Exception as e:
            db.session.rollback()
>           return make_response(message="Database Error", error=str(e), status=500)
E           TypeError: make_response() got an unexpected keyword argument 'status'

app/resources/user.py:135: TypeError
----------------------------- Captured stdout call -----------------------------
{"method": "POST", "path": "/api/auth/register", "status": 201, "ip": "127.0.0.1"}
{"method": "POST", "path": "/api/auth/register", "status": 201, "ip": "127.0.0.1"}
{"method": "POST", "path": "/api/auth/login", "status": 200, "ip": "127.0.0.1"}
_________________________ test_driver_signup_rejection _________________________

self = <app.resources.user.DriverActionResource object at 0x70b600b93040>
user_id = 1, action = 'reject'

    @sacco_manager_required
    def post(self, user_id, action):
        user = db.session.get(User, user_id)
        if not user:
             return make_response(message="Not Found", error="Driver not found", status=404)
    
        if user.role != User.ROLE_DRIVER:
             return make_response(message="Invalid Role", error="User is not a driver", status=400)
    
        if action == "approve":
            user.verification_status = "approved"
        elif action == "reject":
            user.verification_status = "rejected"
        else:
            return make_response(message="Invalid Action", error="Action must be approve or reject", status=400)
    
        try:
            db.session.commit()
>           return make_response(message=f"Driver {action}d successfully", data=user.to_dict(), status=200)
E           TypeError: make_response() got an unexpected keyword argument 'status'

app/resources/user.py:132: TypeError

During handling of the above exception, another exception occurred:

client = <FlaskClient <Flask 'app'>>

    def test_driver_signup_rejection(client):
        # 1. Register Driver
        res = client.post("/api/auth/register", json={
            "email": "reject@test.com", "password": "pass", "name": "Reject Me", "role": "driver", "licence": "DL-FAIL"
        })
        driver_id = res.json["user"]["id"]
    
        # 2. Register & Login Manager
        client.post("/api/auth/register", json={
            "email": "manager2@test.com", "password": "pass", "name": "Manager 2", "role": "sacco_manager"
        })
        token = client.post("/api/auth/login", json={"email": "manager2@test.com", "password": "pass"}).json["access_token"]
    
        # 3. Reject Driver
>       res = client.post(f"/api/users/manager/drivers/{driver_id}/reject", headers={"Authorization": f"Bearer {token}"}, json={})

tests/test_driver_approval.py:60: 
_ _ _ _ _ _ _ _ _ _ _ _ _ _ _ _ _ _ _ _ _ _ _ _ _ _ _ _ _ _ _ _ _ _ _ _ _ _ _ _ 
/home/kp/.pyenv/versions/3.8.13/lib/python3.8/site-packages/werkzeug/test.py:1167: in post
    return self.open(*args, **kw)
/home/kp/.pyenv/versions/3.8.13/lib/python3.8/site-packages/flask/testing.py:235: in open
    response = super().open(
/home/kp/.pyenv/versions/3.8.13/lib/python3.8/site-packages/werkzeug/test.py:1116: in open
    response_parts = self.run_wsgi_app(request.environ, buffered=buffered)
/home/kp/.pyenv/versions/3.8.13/lib/python3.8/site-packages/werkzeug/test.py:988: in run_wsgi_app
    rv = run_wsgi_app(self.application, environ, buffered=buffered)
/home/kp/.pyenv/versions/3.8.13/lib/python3.8/site-packages/werkzeug/test.py:1264: in run_wsgi_app
    app_rv = app(environ, start_response)
/home/kp/.pyenv/versions/3.8.13/lib/python3.8/site-packages/flask/app.py:1498: in __call__
    return self.wsgi_app(environ, start_response)
/home/kp/.pyenv/versions/3.8.13/lib/python3.8/site-packages/flask_socketio/__init__.py:43: in __call__
    return super(_SocketIOMiddleware, self).__call__(environ,
/home/kp/.pyenv/versions/3.8.13/lib/python3.8/site-packages/engineio/middleware.py:74: in __call__
    return self.wsgi_app(environ, start_response)
/home/kp/.pyenv/versions/3.8.13/lib/python3.8/site-packages/flask/app.py:1476: in wsgi_app
    response = self.handle_exception(e)
/home/kp/.pyenv/versions/3.8.13/lib/python3.8/site-packages/flask_restful/__init__.py:298: in error_router
    return original_handler(e)
/home/kp/.pyenv/versions/3.8.13/lib/python3.8/site-packages/flask_restful/__init__.py:298: in error_router
    return original_handler(e)
/home/kp/.pyenv/versions/3.8.13/lib/python3.8/site-packages/flask_restful/__init__.py:298: in error_router
    return original_handler(e)
/home/kp/.pyenv/versions/3.8.13/lib/python3.8/site-packages/flask_restful/__init__.py:298: in error_router
    return original_handler(e)
/home/kp/.pyenv/versions/3.8.13/lib/python3.8/site-packages/flask_restful/__init__.py:298: in error_router
    return original_handler(e)
/home/kp/.pyenv/versions/3.8.13/lib/python3.8/site-packages/flask_restful/__init__.py:298: in error_router
    return original_handler(e)
/home/kp/.pyenv/versions/3.8.13/lib/python3.8/site-packages/flask_restful/__init__.py:298: in error_router
    return original_handler(e)
/home/kp/.pyenv/versions/3.8.13/lib/python3.8/site-packages/flask_cors/extension.py:176: in wrapped_function
    return cors_after_request(app.make_response(f(*args, **kwargs)))
/home/kp/.pyenv/versions/3.8.13/lib/python3.8/site-packages/flask/app.py:1473: in wsgi_app
    response = self.full_dispatch_request()
/home/kp/.pyenv/versions/3.8.13/lib/python3.8/site-packages/flask/app.py:882: in full_dispatch_request
    rv = self.handle_user_exception(e)
/home/kp/.pyenv/versions/3.8.13/lib/python3.8/site-packages/flask_restful/__init__.py:298: in error_router
    return original_handler(e)
/home/kp/.pyenv/versions/3.8.13/lib/python3.8/site-packages/flask_restful/__init__.py:298: in error_router
    return original_handler(e)
/home/kp/.pyenv/versions/3.8.13/lib/python3.8/site-packages/flask_restful/__init__.py:298: in error_router
    return original_handler(e)
/home/kp/.pyenv/versions/3.8.13/lib/python3.8/site-packages/flask_restful/__init__.py:298: in error_router
    return original_handler(e)
/home/kp/.pyenv/versions/3.8.13/lib/python3.8/site-packages/flask_restful/__init__.py:298: in error_router
    return original_handler(e)
/home/kp/.pyenv/versions/3.8.13/lib/python3.8/site-packages/flask_restful/__init__.py:298: in error_router
    return original_handler(e)
/home/kp/.pyenv/versions/3.8.13/lib/python3.8/site-packages/flask_restful/__init__.py:298: in error_router
    return original_handler(e)
/home/kp/.pyenv/versions/3.8.13/lib/python3.8/site-packages/flask_cors/extension.py:176: in wrapped_function
    return cors_after_request(app.make_response(f(*args, **kwargs)))
/home/kp/.pyenv/versions/3.8.13/lib/python3.8/site-packages/flask/app.py:880: in full_dispatch_request
    rv = self.dispatch_request()
/home/kp/.pyenv/versions/3.8.13/lib/python3.8/site-packages/flask/app.py:865: in dispatch_request
    return self.ensure_sync(self.view_functions[rule.endpoint])(**view_args)  # type: ignore[no-any-return]
/home/kp/.pyenv/versions/3.8.13/lib/python3.8/site-packages/flask_restful/__init__.py:489: in wrapper
    resp = resource(*args, **kwargs)
/home/kp/.pyenv/versions/3.8.13/lib/python3.8/site-packages/flask/views.py:110: in view
    return current_app.ensure_sync(self.dispatch_request)(**kwargs)  # type: ignore[no-any-return]
/home/kp/.pyenv/versions/3.8.13/lib/python3.8/site-packages/flask_restful/__init__.py:604: in dispatch_request
    resp = meth(*args, **kwargs)
app/services/auth_service.py:35: in decorator
    return fn(*args, **kwargs)
_ _ _ _ _ _ _ _ _ _ _ _ _ _ _ _ _ _ _ _ _ _ _ _ _ _ _ _ _ _ _ _ _ _ _ _ _ _ _ _ 

self = <app.resources.user.DriverActionResource object at 0x70b600b93040>
user_id = 1, action = 'reject'

    @sacco_manager_required
    def post(self, user_id, action):
        user = db.session.get(User, user_id)
        if not user:
             return make_response(message="Not Found", error="Driver not found", status=404)
    
        if user.role != User.ROLE_DRIVER:
             return make_response(message="Invalid Role", error="User is not a driver", status=400)
    
        if action == "approve":
            user.verification_status = "approved"
        elif action == "reject":
            user.verification_status = "rejected"
        else:
            return make_response(message="Invalid Action", error="Action must be approve or reject", status=400)
    
        try:
            db.session.commit()
            return make_response(message=f"Driver {action}d successfully", data=user.to_dict(), status=200)
        except Exception as e:
            db.session.rollback()
>           return make_response(message="Database Error", error=str(e), status=500)
E           TypeError: make_response() got an unexpected keyword argument 'status'

app/resources/user.py:135: TypeError
----------------------------- Captured stdout call -----------------------------
{"method": "POST", "path": "/api/auth/register", "status": 201, "ip": "127.0.0.1"}
{"method": "POST", "path": "/api/auth/register", "status": 201, "ip": "127.0.0.1"}
{"method": "POST", "path": "/api/auth/login", "status": 200, "ip": "127.0.0.1"}
=============================== warnings summary ===============================
tests/test_driver_approval.py::test_driver_signup_verification_flow
  /home/kp/Development/phase5/matatu_connect_backend/capstone_project/tests/test_driver_approval.py:18: LegacyAPIWarning: The Query.get() method is considered legacy as of the 1.x series of SQLAlchemy and becomes a legacy construct in 2.0. The method is now available as Session.get() (deprecated since: 2.0) (Background on SQLAlchemy 2.0 at: https://sqlalche.me/e/b8d9)
    driver_user = User.query.get(driver_id)

-- Docs: https://docs.pytest.org/en/stable/how-to/capture-warnings.html
=========================== short test summary info ============================
FAILED tests/test_driver_approval.py::test_driver_signup_verification_flow - ...
FAILED tests/test_driver_approval.py::test_driver_signup_rejection - TypeErro...
========================= 2 failed, 1 warning in 1.62s =========================
